2020-03-02 15:36:15.897  INFO 28318 --- [restartedMain] c.vtmer.yisanbang.YisanbangApplication   : Starting YisanbangApplication on kVanzT-MBP.lan with PID 28318 (/Users/eeatem/IdeaProjects/yisanbang_web/yisanbang/target/classes started by eeatem in /Users/eeatem/IdeaProjects/yisanbang_web/yisanbang)
2020-03-02 15:36:15.922  INFO 28318 --- [restartedMain] c.vtmer.yisanbang.YisanbangApplication   : The following profiles are active: test
2020-03-02 15:36:16.042  INFO 28318 --- [restartedMain] .e.DevToolsPropertyDefaultsPostProcessor : Devtools property defaults active! Set 'spring.devtools.add-properties' to 'false' to disable
2020-03-02 15:36:16.044  INFO 28318 --- [restartedMain] .e.DevToolsPropertyDefaultsPostProcessor : For additional web related logging consider setting the 'logging.level.web' property to 'DEBUG'
2020-03-02 15:36:17.430  INFO 28318 --- [restartedMain] .s.d.r.c.RepositoryConfigurationDelegate : Multiple Spring Data modules found, entering strict repository configuration mode!
2020-03-02 15:36:17.431  INFO 28318 --- [restartedMain] .s.d.r.c.RepositoryConfigurationDelegate : Bootstrapping Spring Data JDBC repositories in DEFAULT mode.
2020-03-02 15:36:17.560  INFO 28318 --- [restartedMain] .s.d.r.c.RepositoryConfigurationDelegate : Finished Spring Data repository scanning in 115ms. Found 0 JDBC repository interfaces.
2020-03-02 15:36:17.620  INFO 28318 --- [restartedMain] .s.d.r.c.RepositoryConfigurationDelegate : Multiple Spring Data modules found, entering strict repository configuration mode!
2020-03-02 15:36:17.621  INFO 28318 --- [restartedMain] .s.d.r.c.RepositoryConfigurationDelegate : Bootstrapping Spring Data Redis repositories in DEFAULT mode.
2020-03-02 15:36:17.679  INFO 28318 --- [restartedMain] .s.d.r.c.RepositoryConfigurationDelegate : Finished Spring Data repository scanning in 37ms. Found 0 Redis repository interfaces.
2020-03-02 15:36:18.284  INFO 28318 --- [restartedMain] trationDelegate$BeanPostProcessorChecker : Bean 'org.springframework.transaction.annotation.ProxyTransactionManagementConfiguration' of type [org.springframework.transaction.annotation.ProxyTransactionManagementConfiguration] is not eligible for getting processed by all BeanPostProcessors (for example: not eligible for auto-proxying)
2020-03-02 15:36:18.553  INFO 28318 --- [restartedMain] trationDelegate$BeanPostProcessorChecker : Bean 'mybatis-org.mybatis.spring.boot.autoconfigure.MybatisProperties' of type [org.mybatis.spring.boot.autoconfigure.MybatisProperties] is not eligible for getting processed by all BeanPostProcessors (for example: not eligible for auto-proxying)
2020-03-02 15:36:18.569  INFO 28318 --- [restartedMain] trationDelegate$BeanPostProcessorChecker : Bean 'org.mybatis.spring.boot.autoconfigure.MybatisAutoConfiguration' of type [org.mybatis.spring.boot.autoconfigure.MybatisAutoConfiguration$$EnhancerBySpringCGLIB$$64b5adfb] is not eligible for getting processed by all BeanPostProcessors (for example: not eligible for auto-proxying)
2020-03-02 15:36:18.576  INFO 28318 --- [restartedMain] trationDelegate$BeanPostProcessorChecker : Bean 'com.alibaba.druid.spring.boot.autoconfigure.DruidDataSourceAutoConfigure' of type [com.alibaba.druid.spring.boot.autoconfigure.DruidDataSourceAutoConfigure$$EnhancerBySpringCGLIB$$4b8d523d] is not eligible for getting processed by all BeanPostProcessors (for example: not eligible for auto-proxying)
2020-03-02 15:36:18.582  INFO 28318 --- [restartedMain] trationDelegate$BeanPostProcessorChecker : Bean 'spring.datasource.druid-com.alibaba.druid.spring.boot.autoconfigure.DruidDataSourceProperties' of type [com.alibaba.druid.spring.boot.autoconfigure.DruidDataSourceProperties] is not eligible for getting processed by all BeanPostProcessors (for example: not eligible for auto-proxying)
2020-03-02 15:36:18.638  INFO 28318 --- [restartedMain] trationDelegate$BeanPostProcessorChecker : Bean 'dataSource' of type [com.alibaba.druid.pool.DruidDataSource] is not eligible for getting processed by all BeanPostProcessors (for example: not eligible for auto-proxying)
2020-03-02 15:36:18.739  INFO 28318 --- [restartedMain] trationDelegate$BeanPostProcessorChecker : Bean 'spring.datasource-org.springframework.boot.autoconfigure.jdbc.DataSourceProperties' of type [org.springframework.boot.autoconfigure.jdbc.DataSourceProperties] is not eligible for getting processed by all BeanPostProcessors (for example: not eligible for auto-proxying)
2020-03-02 15:36:18.749  INFO 28318 --- [restartedMain] trationDelegate$BeanPostProcessorChecker : Bean 'org.springframework.boot.autoconfigure.jdbc.DataSourceInitializerInvoker' of type [org.springframework.boot.autoconfigure.jdbc.DataSourceInitializerInvoker] is not eligible for getting processed by all BeanPostProcessors (for example: not eligible for auto-proxying)
2020-03-02 15:36:19.489  INFO 28318 --- [restartedMain] trationDelegate$BeanPostProcessorChecker : Bean 'sqlSessionFactory' of type [org.apache.ibatis.session.defaults.DefaultSqlSessionFactory] is not eligible for getting processed by all BeanPostProcessors (for example: not eligible for auto-proxying)
2020-03-02 15:36:19.505  INFO 28318 --- [restartedMain] trationDelegate$BeanPostProcessorChecker : Bean 'sqlSessionTemplate' of type [org.mybatis.spring.SqlSessionTemplate] is not eligible for getting processed by all BeanPostProcessors (for example: not eligible for auto-proxying)
2020-03-02 15:36:19.513  INFO 28318 --- [restartedMain] trationDelegate$BeanPostProcessorChecker : Bean 'permissionMapper' of type [org.mybatis.spring.mapper.MapperFactoryBean] is not eligible for getting processed by all BeanPostProcessors (for example: not eligible for auto-proxying)
2020-03-02 15:36:19.517  INFO 28318 --- [restartedMain] trationDelegate$BeanPostProcessorChecker : Bean 'permissionMapper' of type [com.sun.proxy.$Proxy100] is not eligible for getting processed by all BeanPostProcessors (for example: not eligible for auto-proxying)
2020-03-02 15:36:19.521  INFO 28318 --- [restartedMain] trationDelegate$BeanPostProcessorChecker : Bean 'shiroConfig' of type [com.vtmer.yisanbang.shiro.ShiroConfig$$EnhancerBySpringCGLIB$$f6d09021] is not eligible for getting processed by all BeanPostProcessors (for example: not eligible for auto-proxying)
2020-03-02 15:36:19.554  INFO 28318 --- [restartedMain] trationDelegate$BeanPostProcessorChecker : Bean 'rolePermiMapper' of type [org.mybatis.spring.mapper.MapperFactoryBean] is not eligible for getting processed by all BeanPostProcessors (for example: not eligible for auto-proxying)
2020-03-02 15:36:19.556  INFO 28318 --- [restartedMain] trationDelegate$BeanPostProcessorChecker : Bean 'rolePermiMapper' of type [com.sun.proxy.$Proxy102] is not eligible for getting processed by all BeanPostProcessors (for example: not eligible for auto-proxying)
2020-03-02 15:36:19.561  INFO 28318 --- [restartedMain] trationDelegate$BeanPostProcessorChecker : Bean 'permissionServiceImpl' of type [com.vtmer.yisanbang.service.impl.PermissionServiceImpl] is not eligible for getting processed by all BeanPostProcessors (for example: not eligible for auto-proxying)
2020-03-02 15:36:19.571  INFO 28318 --- [restartedMain] trationDelegate$BeanPostProcessorChecker : Bean 'adminMapper' of type [org.mybatis.spring.mapper.MapperFactoryBean] is not eligible for getting processed by all BeanPostProcessors (for example: not eligible for auto-proxying)
2020-03-02 15:36:19.573  INFO 28318 --- [restartedMain] trationDelegate$BeanPostProcessorChecker : Bean 'adminMapper' of type [com.sun.proxy.$Proxy104] is not eligible for getting processed by all BeanPostProcessors (for example: not eligible for auto-proxying)
2020-03-02 15:36:19.581  INFO 28318 --- [restartedMain] trationDelegate$BeanPostProcessorChecker : Bean 'adminRoleMapper' of type [org.mybatis.spring.mapper.MapperFactoryBean] is not eligible for getting processed by all BeanPostProcessors (for example: not eligible for auto-proxying)
2020-03-02 15:36:19.582  INFO 28318 --- [restartedMain] trationDelegate$BeanPostProcessorChecker : Bean 'adminRoleMapper' of type [com.sun.proxy.$Proxy106] is not eligible for getting processed by all BeanPostProcessors (for example: not eligible for auto-proxying)
2020-03-02 15:36:19.587  INFO 28318 --- [restartedMain] trationDelegate$BeanPostProcessorChecker : Bean 'adminRoleServiceImpl' of type [com.vtmer.yisanbang.service.impl.AdminRoleServiceImpl] is not eligible for getting processed by all BeanPostProcessors (for example: not eligible for auto-proxying)
2020-03-02 15:36:19.589  INFO 28318 --- [restartedMain] trationDelegate$BeanPostProcessorChecker : Bean 'loginRealm' of type [com.vtmer.yisanbang.shiro.LoginRealm] is not eligible for getting processed by all BeanPostProcessors (for example: not eligible for auto-proxying)
2020-03-02 15:36:19.911  INFO 28318 --- [restartedMain] trationDelegate$BeanPostProcessorChecker : Bean 'securityManager' of type [org.apache.shiro.web.mgt.DefaultWebSecurityManager] is not eligible for getting processed by all BeanPostProcessors (for example: not eligible for auto-proxying)
2020-03-02 15:36:19.939  INFO 28318 --- [restartedMain] trationDelegate$BeanPostProcessorChecker : Bean 'redisConfig' of type [com.vtmer.yisanbang.common.RedisConfig$$EnhancerBySpringCGLIB$$1d567a8f] is not eligible for getting processed by all BeanPostProcessors (for example: not eligible for auto-proxying)
2020-03-02 15:36:19.945  INFO 28318 --- [restartedMain] trationDelegate$BeanPostProcessorChecker : Bean 'spring.redis-org.springframework.boot.autoconfigure.data.redis.RedisProperties' of type [org.springframework.boot.autoconfigure.data.redis.RedisProperties] is not eligible for getting processed by all BeanPostProcessors (for example: not eligible for auto-proxying)
2020-03-02 15:36:19.951  INFO 28318 --- [restartedMain] trationDelegate$BeanPostProcessorChecker : Bean 'org.springframework.boot.autoconfigure.data.redis.LettuceConnectionConfiguration' of type [org.springframework.boot.autoconfigure.data.redis.LettuceConnectionConfiguration] is not eligible for getting processed by all BeanPostProcessors (for example: not eligible for auto-proxying)
2020-03-02 15:36:20.062  INFO 28318 --- [restartedMain] trationDelegate$BeanPostProcessorChecker : Bean 'lettuceClientResources' of type [io.lettuce.core.resource.DefaultClientResources] is not eligible for getting processed by all BeanPostProcessors (for example: not eligible for auto-proxying)
2020-03-02 15:36:20.202  INFO 28318 --- [restartedMain] trationDelegate$BeanPostProcessorChecker : Bean 'redisConnectionFactory' of type [org.springframework.data.redis.connection.lettuce.LettuceConnectionFactory] is not eligible for getting processed by all BeanPostProcessors (for example: not eligible for auto-proxying)
2020-03-02 15:36:20.304  INFO 28318 --- [restartedMain] trationDelegate$BeanPostProcessorChecker : Bean 'redisTemplate' of type [org.springframework.data.redis.core.RedisTemplate] is not eligible for getting processed by all BeanPostProcessors (for example: not eligible for auto-proxying)
2020-03-02 15:36:20.332  INFO 28318 --- [restartedMain] trationDelegate$BeanPostProcessorChecker : Bean 'jwtUtil' of type [com.vtmer.yisanbang.common.util.JwtUtil] is not eligible for getting processed by all BeanPostProcessors (for example: not eligible for auto-proxying)
2020-03-02 15:36:20.333  INFO 28318 --- [restartedMain] trationDelegate$BeanPostProcessorChecker : Bean 'jwtFilter' of type [com.vtmer.yisanbang.shiro.JwtFilter] is not eligible for getting processed by all BeanPostProcessors (for example: not eligible for auto-proxying)
2020-03-02 15:36:20.634  INFO 28318 --- [restartedMain] com.alibaba.druid.pool.DruidDataSource   : {dataSource-1} inited
2020-03-02 15:36:21.141  INFO 28318 --- [restartedMain] o.s.b.w.embedded.tomcat.TomcatWebServer  : Tomcat initialized with port(s): 8089 (http)
2020-03-02 15:36:21.154  INFO 28318 --- [restartedMain] o.apache.catalina.core.StandardService   : Starting service [Tomcat]
2020-03-02 15:36:21.154  INFO 28318 --- [restartedMain] org.apache.catalina.core.StandardEngine  : Starting Servlet engine: [Apache Tomcat/9.0.29]
2020-03-02 15:36:21.306  INFO 28318 --- [restartedMain] o.a.c.c.C.[Tomcat].[localhost].[/]       : Initializing Spring embedded WebApplicationContext
2020-03-02 15:36:21.307  INFO 28318 --- [restartedMain] o.s.web.context.ContextLoader            : Root WebApplicationContext: initialization completed in 5263 ms
2020-03-02 15:36:21.436  INFO 28318 --- [restartedMain] o.s.boot.web.servlet.RegistrationBean    : Filter jwtFilter was not registered (disabled)
2020-03-02 15:36:21.798  INFO 28318 --- [restartedMain] org.quartz.impl.StdSchedulerFactory      : Using default implementation for ThreadExecutor
2020-03-02 15:36:21.803  INFO 28318 --- [restartedMain] org.quartz.simpl.SimpleThreadPool        : Job execution threads will use class loader of thread: restartedMain
2020-03-02 15:36:21.818  INFO 28318 --- [restartedMain] org.quartz.core.SchedulerSignalerImpl    : Initialized Scheduler Signaller of type: class org.quartz.core.SchedulerSignalerImpl
2020-03-02 15:36:21.818  INFO 28318 --- [restartedMain] org.quartz.core.QuartzScheduler          : Quartz Scheduler v.2.3.2 created.
2020-03-02 15:36:21.819  INFO 28318 --- [restartedMain] org.quartz.simpl.RAMJobStore             : RAMJobStore initialized.
2020-03-02 15:36:21.820  INFO 28318 --- [restartedMain] org.quartz.core.QuartzScheduler          : Scheduler meta-data: Quartz Scheduler (v2.3.2) 'DefaultQuartzScheduler' with instanceId 'NON_CLUSTERED'
  Scheduler class: 'org.quartz.core.QuartzScheduler' - running locally.
  NOT STARTED.
  Currently in standby mode.
  Number of jobs executed: 0
  Using thread pool 'org.quartz.simpl.SimpleThreadPool' - with 10 threads.
  Using job-store 'org.quartz.simpl.RAMJobStore' - which does not support persistence. and is not clustered.

2020-03-02 15:36:21.820  INFO 28318 --- [restartedMain] org.quartz.impl.StdSchedulerFactory      : Quartz scheduler 'DefaultQuartzScheduler' initialized from an externally provided properties instance.
2020-03-02 15:36:21.820  INFO 28318 --- [restartedMain] org.quartz.impl.StdSchedulerFactory      : Quartz scheduler version: 2.3.2
2020-03-02 15:36:21.820  INFO 28318 --- [restartedMain] org.quartz.core.QuartzScheduler          : JobFactory set to: org.springframework.scheduling.quartz.SpringBeanJobFactory@4c30f2dd
2020-03-02 15:36:22.792  INFO 28318 --- [restartedMain] pertySourcedRequestMappingHandlerMapping : Mapped URL path [/v2/api-docs] onto method [springfox.documentation.swagger2.web.Swagger2Controller#getDocumentation(String, HttpServletRequest)]
2020-03-02 15:36:22.821  INFO 28318 --- [restartedMain] org.quartz.core.QuartzScheduler          : Scheduler DefaultQuartzScheduler_$_NON_CLUSTERED started.
2020-03-02 15:36:22.821  INFO 28318 --- [restartedMain] org.quartz.core.QuartzScheduler          : Scheduler DefaultQuartzScheduler_$_NON_CLUSTERED started.
2020-03-02 15:36:22.886  INFO 28318 --- [restartedMain] o.s.s.concurrent.ThreadPoolTaskExecutor  : Initializing ExecutorService 'applicationTaskExecutor'
2020-03-02 15:36:22.958  INFO 28318 --- [restartedMain] o.s.b.d.a.OptionalLiveReloadServer       : LiveReload server is running on port 35729
2020-03-02 15:36:23.416  INFO 28318 --- [restartedMain] o.s.s.c.ThreadPoolTaskScheduler          : Initializing ExecutorService 'taskScheduler'
2020-03-02 15:36:23.480  INFO 28318 --- [restartedMain] d.s.w.p.DocumentationPluginsBootstrapper : Context refreshed
2020-03-02 15:36:23.508  INFO 28318 --- [restartedMain] d.s.w.p.DocumentationPluginsBootstrapper : Found 1 custom documentation plugin(s)
2020-03-02 15:36:23.739  INFO 28318 --- [restartedMain] s.d.s.w.s.ApiListingReferenceScanner     : Scanning for api listing references
2020-03-02 15:36:24.091  INFO 28318 --- [restartedMain] .d.s.w.r.o.CachingOperationNameGenerator : Generating unique operation named: deleteAdInfoUsingDELETE_1
2020-03-02 15:36:24.093  INFO 28318 --- [restartedMain] .d.s.w.r.o.CachingOperationNameGenerator : Generating unique operation named: getAdInfoUsingGET_1
2020-03-02 15:36:24.101  INFO 28318 --- [restartedMain] .d.s.w.r.o.CachingOperationNameGenerator : Generating unique operation named: updateAdIsShowedUsingPUT_1
2020-03-02 15:36:24.105  INFO 28318 --- [restartedMain] .d.s.w.r.o.CachingOperationNameGenerator : Generating unique operation named: uploadPicUsingPOST_1
2020-03-02 15:36:24.142  INFO 28318 --- [restartedMain] .d.s.w.r.o.CachingOperationNameGenerator : Generating unique operation named: deleteUsingDELETE_1
2020-03-02 15:36:24.145  INFO 28318 --- [restartedMain] .d.s.w.r.o.CachingOperationNameGenerator : Generating unique operation named: insertUsingPOST_1
2020-03-02 15:36:24.164  INFO 28318 --- [restartedMain] .d.s.w.r.o.CachingOperationNameGenerator : Generating unique operation named: deleteUsingDELETE_2
2020-03-02 15:36:24.173  INFO 28318 --- [restartedMain] .d.s.w.r.o.CachingOperationNameGenerator : Generating unique operation named: insertUsingPOST_2
2020-03-02 15:36:24.174  INFO 28318 --- [restartedMain] .d.s.w.r.o.CachingOperationNameGenerator : Generating unique operation named: updateUsingPUT_1
2020-03-02 15:36:24.227  INFO 28318 --- [restartedMain] .d.s.w.r.o.CachingOperationNameGenerator : Generating unique operation named: getAllUsingGET_1
2020-03-02 15:36:24.251  INFO 28318 --- [restartedMain] .d.s.w.r.o.CachingOperationNameGenerator : Generating unique operation named: deleteUsingDELETE_3
2020-03-02 15:36:24.283  INFO 28318 --- [restartedMain] .d.s.w.r.o.CachingOperationNameGenerator : Generating unique operation named: selectAllSizeByIdUsingGET_1
2020-03-02 15:36:24.293  INFO 28318 --- [restartedMain] .d.s.w.r.o.CachingOperationNameGenerator : Generating unique operation named: deleteUsingDELETE_4
2020-03-02 15:36:24.297  INFO 28318 --- [restartedMain] .d.s.w.r.o.CachingOperationNameGenerator : Generating unique operation named: getUsingGET_1
2020-03-02 15:36:24.299  INFO 28318 --- [restartedMain] .d.s.w.r.o.CachingOperationNameGenerator : Generating unique operation named: insertUsingPOST_3
2020-03-02 15:36:24.301  INFO 28318 --- [restartedMain] .d.s.w.r.o.CachingOperationNameGenerator : Generating unique operation named: updateUsingPUT_2
2020-03-02 15:36:24.314  INFO 28318 --- [restartedMain] .d.s.w.r.o.CachingOperationNameGenerator : Generating unique operation named: deleteUsingDELETE_5
2020-03-02 15:36:24.358  INFO 28318 --- [restartedMain] .d.s.w.r.o.CachingOperationNameGenerator : Generating unique operation named: addGoodsUsingPOST_1
2020-03-02 15:36:24.360  INFO 28318 --- [restartedMain] .d.s.w.r.o.CachingOperationNameGenerator : Generating unique operation named: deleteGoodsUsingDELETE_1
2020-03-02 15:36:24.363  INFO 28318 --- [restartedMain] .d.s.w.r.o.CachingOperationNameGenerator : Generating unique operation named: selectAllGoodsOrderByPriceUsingGET_1
2020-03-02 15:36:24.382  INFO 28318 --- [restartedMain] .d.s.w.r.o.CachingOperationNameGenerator : Generating unique operation named: uploadGoodsPicUsingPOST_1
2020-03-02 15:36:24.469  INFO 28318 --- [restartedMain] o.s.b.w.embedded.tomcat.TomcatWebServer  : Tomcat started on port(s): 8089 (http) with context path ''
2020-03-02 15:36:24.472  INFO 28318 --- [restartedMain] c.vtmer.yisanbang.YisanbangApplication   : Started YisanbangApplication in 9.31 seconds (JVM running for 10.83)
2020-03-02 15:36:24.631  INFO 28318 --- [restartedMain] io.lettuce.core.EpollProvider            : Starting without optional epoll library
2020-03-02 15:36:24.633  INFO 28318 --- [restartedMain] io.lettuce.core.KqueueProvider           : Starting without optional kqueue library
2020-03-02 15:36:32.465  INFO 28318 --- [SpringContextShutdownHook] org.quartz.core.QuartzScheduler          : Scheduler DefaultQuartzScheduler_$_NON_CLUSTERED paused.
2020-03-02 15:36:32.466  INFO 28318 --- [SpringContextShutdownHook] o.s.s.c.ThreadPoolTaskScheduler          : Shutting down ExecutorService 'taskScheduler'
2020-03-02 15:36:32.468  INFO 28318 --- [SpringContextShutdownHook] o.s.s.concurrent.ThreadPoolTaskExecutor  : Shutting down ExecutorService 'applicationTaskExecutor'
2020-03-02 15:36:32.470  INFO 28318 --- [SpringContextShutdownHook] o.s.s.quartz.SchedulerFactoryBean        : Shutting down Quartz Scheduler
2020-03-02 15:36:32.471  INFO 28318 --- [SpringContextShutdownHook] org.quartz.core.QuartzScheduler          : Scheduler DefaultQuartzScheduler_$_NON_CLUSTERED shutting down.
2020-03-02 15:36:32.471  INFO 28318 --- [SpringContextShutdownHook] org.quartz.core.QuartzScheduler          : Scheduler DefaultQuartzScheduler_$_NON_CLUSTERED paused.
2020-03-02 15:36:32.472  INFO 28318 --- [SpringContextShutdownHook] org.quartz.core.QuartzScheduler          : Scheduler DefaultQuartzScheduler_$_NON_CLUSTERED shutdown complete.
2020-03-02 15:36:32.606  INFO 28318 --- [SpringContextShutdownHook] com.alibaba.druid.pool.DruidDataSource   : {dataSource-1} closed
